2021-03-28 23:11:32.125 [main] INFO . - user input: C:\Program Files\Huawei\DevEco Studio\jbr\bin\java,-j,-source,@D:/HarmonyOS/DevEcoStudioProjects/SampleShield_0_3/SampleShield/.idea/code-check/java/detect.txt,-output,D:/HarmonyOS/DevEcoStudioProjects/SampleShield_0_3/SampleShield/.idea/code-check/java/output.xml
2021-03-28 23:11:32.127 [main] INFO . - CodeMars Version:2.1.2.sp4
2021-03-28 23:11:32.178 [main] INFO . - starting analyzing.
2021-03-28 23:11:32.188 [main] INFO . - start collecting report.
2021-03-28 23:11:32.191 [CodeMars1] INFO . - Command: "C:\Program Files\Huawei\DevEco Studio\plugins\codecheck\lib\CodeMars\engines\SecFinder-J\bin\run_SecFinder-J.bat",-filelist,D:\HarmonyOS\DevEcoStudioProjects\SampleShield_0_3\SampleShield\.idea\code-check\java\filelist_2021_03_28_23_11_32_189_38.txt,-f,xml,-default,-progress,-r,D:\HarmonyOS\DevEcoStudioProjects\SampleShield_0_3\SampleShield\.idea\code-check\java\\errorreport_2021_03_28_23_11_31_982_2.xml,-ruleclasspath,file:///D:\HarmonyOS\DevEcoStudioProjects\SampleShield_0_3\SampleShield\.idea\code-check\java\ruleclasspath.txt
2021-03-28 23:11:32.357 [Thread-2] INFO . - 三月 28, 2021 11:11:32 下午 com.huawei.secfinderj.SecFinderJ needScan
2021-03-28 23:11:32.357 [Thread-2] INFO . - 信息: SecFinder-J Version: 2.1.3
2021-03-28 23:11:32.449 [Thread-1] INFO . - 2021-03-28 23:11:32.401: SecFinder-J Output: Inspect start...
2021-03-28 23:11:32.518 [Thread-1] INFO . - 2021-03-28 23:11:32.518: SecFinder-J Output: Load checkers...
2021-03-28 23:11:32.684 [Thread-1] INFO . - 2021-03-28 23:11:32.684: SecFinder-J Output: Load config...
2021-03-28 23:11:32.720 [Thread-1] INFO . - 2021-03-28 23:11:32.720: SecFinder-J Output: step 1/4: Find files
2021-03-28 23:11:32.759 [Thread-1] INFO . - 2021-03-28 23:11:32.759: SecFinder-J Output: step 2/4: Process files
2021-03-28 23:11:32.827 [Thread-1] INFO . - 2021-03-28 23:11:32.827: SecFinder-J Output: step 3/4: Run analysis...
2021-03-28 23:11:32.829 [Thread-1] INFO . - 2021-03-28 23:11:32.828: SecFinder-J Output: [SecFinder-J--Thread--1] - during processing of [MainAbilitySlice.java]
2021-03-28 23:11:33.403 [Thread-1] INFO . - 2021-03-28 23:11:33.403: SecFinder-J Output: step 4/4: Result output...
2021-03-28 23:11:33.404 [Thread-1] INFO . - 2021-03-28 23:11:33.403: SecFinder-J Output: Inspect finish...
2021-03-28 23:11:33.404 [Thread-1] INFO . - Analysis result:
2021-03-28 23:11:33.404 [Thread-1] INFO . -     files analyzed      : 1
2021-03-28 23:11:33.404 [Thread-1] INFO . -     lines analyzed      : 142
2021-03-28 23:11:33.404 [Thread-1] INFO . -     rules used          : 59
2021-03-28 23:11:33.404 [Thread-1] INFO . -     issues detected     : 0
2021-03-28 23:11:33.404 [Thread-1] INFO . -     time cost(sec)      : 1
2021-03-28 23:11:33.404 [Thread-1] INFO . - 
2021-03-28 23:11:33.404 [Thread-2] INFO . - 三月 28, 2021 11:11:33 下午 com.huawei.secfinderj.override.HwPmd end
2021-03-28 23:11:33.404 [Thread-2] INFO . - 信息: SecFinder-J run successed!
2021-03-28 23:11:33.475 [CodeMars1] INFO . - start parse errorreport xml
2021-03-28 23:11:33.477 [CodeMars1] INFO . - parse xml time : 4
2021-03-28 23:11:33.477 [CodeMars1] INFO . - end parse errorreport xml
2021-03-28 23:11:33.478 [main] INFO . - end collecting report.
2021-03-28 23:11:33.478 [main] INFO . - end analyzing.
